<?xml version="1.0" encoding="UTF-8"?>
<testsuite xmlns:xsi="http://www.w3.org/2001/XMLSchema-instance" xsi:noNamespaceSchemaLocation="https://maven.apache.org/surefire/maven-surefire-plugin/xsd/surefire-test-report.xsd" version="3.0.2" name="com.recrutement.recrutement_intelligent_app.RecrutementIntelligentAppApplicationTests" time="8.98" tests="1" errors="0" skipped="0" failures="0" flakes="0">
  <properties>
[...]
</properties>
  <testcase name="contextLoads" classname="com.recrutement.recrutement_intelligent_app.RecrutementIntelligentAppApplicationTests" time="0.912">
    <system-out><![CDATA[23:05:35.050 [main] INFO org.springframework.test.context.support.AnnotationConfigContextLoaderUtils -- Could not detect default configuration classes for test class [com.recrutement.recrutement_intelligent_app.RecrutementIntelligentAppApplicationTests]: RecrutementIntelligentAppApplicationTests does not declare any static, non-private, non-final, nested classes annotated with @Configuration.
23:05:35.328 [main] INFO org.springframework.boot.test.context.SpringBootTestContextBootstrapper -- Found @SpringBootConfiguration com.recrutement.recrutement_intelligent_app.RecrutementIntelligentAppApplication for test class com.recrutement.recrutement_intelligent_app.RecrutementIntelligentAppApplicationTests
23:05:35.812 [main] INFO org.springframework.boot.devtools.restart.RestartApplicationListener -- Restart disabled due to context in which it is running

  .   ____          _            __ _ _
 /\\ / ___'_ __ _ _(_)_ __  __ _ \ \ \ \
( ( )\___ | '_ | '_| | '_ \/ _` | \ \ \ \
 \\/  ___)| |_)| | | | | || (_| |  ) ) ) )
  '  |____| .__|_| |_|_| |_\__, | / / / /
 =========|_|==============|___/=/_/_/_/

 :: Spring Boot ::      (v3.5.14-SNAPSHOT)

2026-05-04T23:05:36.501+02:00  INFO 1808 --- [recrutement_intelligent_app] [           main] ecrutementIntelligentAppApplicationTests : Starting RecrutementIntelligentAppApplicationTests using Java 17.0.18 with PID 1808 (started by HP in C:\Users\HP\recrutement_intelligent\recrutement_intelligent_app)
2026-05-04T23:05:36.501+02:00  INFO 1808 --- [recrutement_intelligent_app] [           main] ecrutementIntelligentAppApplicationTests : The following 1 profile is active: "test"
2026-05-04T23:05:37.937+02:00  INFO 1808 --- [recrutement_intelligent_app] [           main] .s.d.r.c.RepositoryConfigurationDelegate : Bootstrapping Spring Data JPA repositories in DEFAULT mode.
2026-05-04T23:05:37.988+02:00  INFO 1808 --- [recrutement_intelligent_app] [           main] .s.d.r.c.RepositoryConfigurationDelegate : Finished Spring Data repository scanning in 25 ms. Found 0 JPA repository interfaces.
2026-05-04T23:05:38.767+02:00  INFO 1808 --- [recrutement_intelligent_app] [           main] o.hibernate.jpa.internal.util.LogHelper  : HHH000204: Processing PersistenceUnitInfo [name: default]
2026-05-04T23:05:38.923+02:00  INFO 1808 --- [recrutement_intelligent_app] [           main] org.hibernate.Version                    : HHH000412: Hibernate ORM core version 6.6.49.Final
2026-05-04T23:05:39.014+02:00  INFO 1808 --- [recrutement_intelligent_app] [           main] o.h.c.internal.RegionFactoryInitiator    : HHH000026: Second-level cache disabled
2026-05-04T23:05:39.760+02:00  INFO 1808 --- [recrutement_intelligent_app] [           main] o.s.o.j.p.SpringPersistenceUnitInfo      : No LoadTimeWeaver setup: ignoring JPA class transformer
2026-05-04T23:05:39.846+02:00  INFO 1808 --- [recrutement_intelligent_app] [           main] com.zaxxer.hikari.HikariDataSource       : HikariPool-1 - Starting...
2026-05-04T23:05:40.417+02:00  INFO 1808 --- [recrutement_intelligent_app] [           main] com.zaxxer.hikari.pool.HikariPool        : HikariPool-1 - Added connection conn0: url=jdbc:h2:mem:testdb user=SA
2026-05-04T23:05:40.417+02:00  INFO 1808 --- [recrutement_intelligent_app] [           main] com.zaxxer.hikari.HikariDataSource       : HikariPool-1 - Start completed.
2026-05-04T23:05:40.481+02:00  WARN 1808 --- [recrutement_intelligent_app] [           main] org.hibernate.orm.deprecation            : HHH90000025: H2Dialect does not need to be specified explicitly using 'hibernate.dialect' (remove the property setting and it will be selected by default)
2026-05-04T23:05:40.525+02:00  INFO 1808 --- [recrutement_intelligent_app] [           main] org.hibernate.orm.connections.pooling    : HHH10001005: Database info:
	Database JDBC URL [Connecting through datasource 'HikariDataSource (HikariPool-1)']
	Database driver: undefined/unknown
	Database version: 2.3.232
	Autocommit mode: undefined/unknown
	Isolation level: undefined/unknown
	Minimum pool size: undefined/unknown
	Maximum pool size: undefined/unknown
2026-05-04T23:05:41.289+02:00  INFO 1808 --- [recrutement_intelligent_app] [           main] o.h.e.t.j.p.i.JtaPlatformInitiator       : HHH000489: No JTA platform available (set 'hibernate.transaction.jta.platform' to enable JTA platform integration)
2026-05-04T23:05:41.299+02:00  INFO 1808 --- [recrutement_intelligent_app] [           main] j.LocalContainerEntityManagerFactoryBean : Initialized JPA EntityManagerFactory for persistence unit 'default'
2026-05-04T23:05:41.549+02:00  WARN 1808 --- [recrutement_intelligent_app] [           main] JpaBaseConfiguration$JpaWebConfiguration : spring.jpa.open-in-view is enabled by default. Therefore, database queries may be performed during view rendering. Explicitly configure spring.jpa.open-in-view to disable this warning
2026-05-04T23:05:42.339+02:00  WARN 1808 --- [recrutement_intelligent_app] [           main] .s.s.UserDetailsServiceAutoConfiguration : 

Using generated security password: 4243552a-6fe9-495e-9308-da8752ae0f2d

This generated password is for development use only. Your security configuration must be updated before running your application in production.

2026-05-04T23:05:42.351+02:00  INFO 1808 --- [recrutement_intelligent_app] [           main] r$InitializeUserDetailsManagerConfigurer : Global AuthenticationManager configured with UserDetailsService bean with name inMemoryUserDetailsManager
2026-05-04T23:05:42.676+02:00  INFO 1808 --- [recrutement_intelligent_app] [           main] ecrutementIntelligentAppApplicationTests : Started RecrutementIntelligentAppApplicationTests in 6.899 seconds (process running for 9.224)
]]></system-out>
  </testcase>
</testsuite>